<?xml version="1.0" encoding="UTF-8"?>
<testsuite xmlns:xsi="http://www.w3.org/2001/XMLSchema-instance" xsi:noNamespaceSchemaLocation="https://maven.apache.org/surefire/maven-surefire-plugin/xsd/surefire-test-report.xsd" name="com.rust.submit.AppTest" time="0.078" tests="3" errors="0" skipped="0" failures="0">
  <properties>
    <property name="sun.desktop" value="windows"/>
    <property name="awt.toolkit" value="sun.awt.windows.WToolkit"/>
    <property name="file.encoding.pkg" value="sun.io"/>
    <property name="java.specification.version" value="1.8"/>
    <property name="sun.cpu.isalist" value="amd64"/>
    <property name="sun.jnu.encoding" value="GB18030"/>
    <property name="java.class.path" value="D:\fth\dev\ideaprj\submitallwork\target\test-classes;D:\fth\dev\ideaprj\submitallwork\target\classes;D:\Rust\repository\com\google\guava\guava\17.0\guava-17.0.jar;D:\Rust\repository\org\apache\httpcomponents\httpclient\4.4.1\httpclient-4.4.1.jar;D:\Rust\repository\org\apache\httpcomponents\httpcore\4.4.1\httpcore-4.4.1.jar;D:\Rust\repository\commons-lang\commons-lang\2.6\commons-lang-2.6.jar;D:\Rust\repository\apache-httpclient\commons-httpclient\3.0.1\commons-httpclient-3.0.1.jar;D:\Rust\repository\junit\junit\4.11\junit-4.11.jar;D:\Rust\repository\org\hamcrest\hamcrest-core\1.3\hamcrest-core-1.3.jar;D:\Rust\repository\org\apache\logging\log4j\log4j-api\2.6.2\log4j-api-2.6.2.jar;D:\Rust\repository\org\apache\logging\log4j\log4j-core\2.6.2\log4j-core-2.6.2.jar;D:\Rust\repository\org\slf4j\log4j-over-slf4j\1.7.21\log4j-over-slf4j-1.7.21.jar;D:\Rust\repository\org\apache\logging\log4j\log4j-slf4j-impl\2.6.2\log4j-slf4j-impl-2.6.2.jar;D:\Rust\repository\org\apache\logging\log4j\log4j-web\2.6.2\log4j-web-2.6.2.jar;D:\Rust\repository\org\slf4j\slf4j-api\1.7.21\slf4j-api-1.7.21.jar;D:\Rust\repository\org\slf4j\jcl-over-slf4j\1.7.25\jcl-over-slf4j-1.7.25.jar;D:\Rust\repository\org\projectlombok\lombok\1.16.18\lombok-1.16.18.jar;D:\Rust\repository\com\pinganfu\scheduler\pafu-job-core\2.0.3\pafu-job-core-2.0.3.jar;D:\Rust\repository\org\apache\curator\curator-framework\2.12.0\curator-framework-2.12.0.jar;D:\Rust\repository\org\apache\curator\curator-client\2.12.0\curator-client-2.12.0.jar;D:\Rust\repository\org\apache\zookeeper\zookeeper\3.4.8\zookeeper-3.4.8.jar;D:\Rust\repository\jline\jline\0.9.94\jline-0.9.94.jar;D:\Rust\repository\io\netty\netty\3.7.0.Final\netty-3.7.0.Final.jar;D:\Rust\repository\org\apache\curator\curator-recipes\2.12.0\curator-recipes-2.12.0.jar;D:\Rust\repository\com\google\code\gson\gson\2.6.1\gson-2.6.1.jar;D:\Rust\repository\org\quartz-scheduler\quartz\2.2.1\quartz-2.2.1.jar;D:\Rust\repository\org\apache\commons\commons-lang3\3.4\commons-lang3-3.4.jar;D:\Rust\repository\org\apache\commons\commons-exec\1.3\commons-exec-1.3.jar;D:\Rust\repository\com\pinganfu\scheduler\pafu-job-enhance\2.0.3\pafu-job-enhance-2.0.3.jar;D:\Rust\repository\com\pinganfu\scheduler\pafu-job-spring\2.0.3\pafu-job-spring-2.0.3.jar;"/>
    <property name="java.vm.vendor" value="Oracle Corporation"/>
    <property name="sun.arch.data.model" value="64"/>
    <property name="user.variant" value=""/>
    <property name="java.vendor.url" value="http://java.oracle.com/"/>
    <property name="user.timezone" value=""/>
    <property name="java.vm.specification.version" value="1.8"/>
    <property name="os.name" value="Windows 7"/>
    <property name="user.country" value="CN"/>
    <property name="sun.java.launcher" value="SUN_STANDARD"/>
    <property name="sun.boot.library.path" value="C:\Program Files\Java\jdk1.8.0_73\jre\bin"/>
    <property name="sun.java.command" value="D:\Users\FUTANG~1\AppData\Local\Temp\surefire7493141982896808625\surefirebooter8961669699680340653.jar D:\Users\futanghang004\AppData\Local\Temp\surefire7493141982896808625 2018-11-09T14-22-25_936-jvmRun1 surefire3150093983773696651tmp surefire_07085223762736463415tmp"/>
    <property name="surefire.test.class.path" value="D:\fth\dev\ideaprj\submitallwork\target\test-classes;D:\fth\dev\ideaprj\submitallwork\target\classes;D:\Rust\repository\com\google\guava\guava\17.0\guava-17.0.jar;D:\Rust\repository\org\apache\httpcomponents\httpclient\4.4.1\httpclient-4.4.1.jar;D:\Rust\repository\org\apache\httpcomponents\httpcore\4.4.1\httpcore-4.4.1.jar;D:\Rust\repository\commons-lang\commons-lang\2.6\commons-lang-2.6.jar;D:\Rust\repository\apache-httpclient\commons-httpclient\3.0.1\commons-httpclient-3.0.1.jar;D:\Rust\repository\junit\junit\4.11\junit-4.11.jar;D:\Rust\repository\org\hamcrest\hamcrest-core\1.3\hamcrest-core-1.3.jar;D:\Rust\repository\org\apache\logging\log4j\log4j-api\2.6.2\log4j-api-2.6.2.jar;D:\Rust\repository\org\apache\logging\log4j\log4j-core\2.6.2\log4j-core-2.6.2.jar;D:\Rust\repository\org\slf4j\log4j-over-slf4j\1.7.21\log4j-over-slf4j-1.7.21.jar;D:\Rust\repository\org\apache\logging\log4j\log4j-slf4j-impl\2.6.2\log4j-slf4j-impl-2.6.2.jar;D:\Rust\repository\org\apache\logging\log4j\log4j-web\2.6.2\log4j-web-2.6.2.jar;D:\Rust\repository\org\slf4j\slf4j-api\1.7.21\slf4j-api-1.7.21.jar;D:\Rust\repository\org\slf4j\jcl-over-slf4j\1.7.25\jcl-over-slf4j-1.7.25.jar;D:\Rust\repository\org\projectlombok\lombok\1.16.18\lombok-1.16.18.jar;D:\Rust\repository\com\pinganfu\scheduler\pafu-job-core\2.0.3\pafu-job-core-2.0.3.jar;D:\Rust\repository\org\apache\curator\curator-framework\2.12.0\curator-framework-2.12.0.jar;D:\Rust\repository\org\apache\curator\curator-client\2.12.0\curator-client-2.12.0.jar;D:\Rust\repository\org\apache\zookeeper\zookeeper\3.4.8\zookeeper-3.4.8.jar;D:\Rust\repository\jline\jline\0.9.94\jline-0.9.94.jar;D:\Rust\repository\io\netty\netty\3.7.0.Final\netty-3.7.0.Final.jar;D:\Rust\repository\org\apache\curator\curator-recipes\2.12.0\curator-recipes-2.12.0.jar;D:\Rust\repository\com\google\code\gson\gson\2.6.1\gson-2.6.1.jar;D:\Rust\repository\org\quartz-scheduler\quartz\2.2.1\quartz-2.2.1.jar;D:\Rust\repository\org\apache\commons\commons-lang3\3.4\commons-lang3-3.4.jar;D:\Rust\repository\org\apache\commons\commons-exec\1.3\commons-exec-1.3.jar;D:\Rust\repository\com\pinganfu\scheduler\pafu-job-enhance\2.0.3\pafu-job-enhance-2.0.3.jar;D:\Rust\repository\com\pinganfu\scheduler\pafu-job-spring\2.0.3\pafu-job-spring-2.0.3.jar;"/>
    <property name="sun.cpu.endian" value="little"/>
    <property name="user.home" value="D:\Users\futanghang004"/>
    <property name="user.language" value="zh"/>
    <property name="java.specification.vendor" value="Oracle Corporation"/>
    <property name="java.home" value="C:\Program Files\Java\jdk1.8.0_73\jre"/>
    <property name="basedir" value="D:\fth\dev\ideaprj\submitallwork"/>
    <property name="file.separator" value="\"/>
    <property name="line.separator" value="&#10;"/>
    <property name="java.vm.specification.vendor" value="Oracle Corporation"/>
    <property name="java.specification.name" value="Java Platform API Specification"/>
    <property name="java.awt.graphicsenv" value="sun.awt.Win32GraphicsEnvironment"/>
    <property name="maven.test.skip-true" value="true"/>
    <property name="surefire.real.class.path" value="D:\Users\FUTANG~1\AppData\Local\Temp\surefire7493141982896808625\surefirebooter8961669699680340653.jar"/>
    <property name="sun.boot.class.path" value="C:\Program Files\Java\jdk1.8.0_73\jre\lib\resources.jar;C:\Program Files\Java\jdk1.8.0_73\jre\lib\rt.jar;C:\Program Files\Java\jdk1.8.0_73\jre\lib\sunrsasign.jar;C:\Program Files\Java\jdk1.8.0_73\jre\lib\jsse.jar;C:\Program Files\Java\jdk1.8.0_73\jre\lib\jce.jar;C:\Program Files\Java\jdk1.8.0_73\jre\lib\charsets.jar;C:\Program Files\Java\jdk1.8.0_73\jre\lib\jfr.jar;C:\Program Files\Java\jdk1.8.0_73\jre\classes"/>
    <property name="user.script" value=""/>
    <property name="sun.management.compiler" value="HotSpot 64-Bit Tiered Compilers"/>
    <property name="java.runtime.version" value="1.8.0_73-b02"/>
    <property name="user.name" value="FUTANGHANG004"/>
    <property name="path.separator" value=";"/>
    <property name="os.version" value="6.1"/>
    <property name="java.endorsed.dirs" value="C:\Program Files\Java\jdk1.8.0_73\jre\lib\endorsed"/>
    <property name="java.runtime.name" value="Java(TM) SE Runtime Environment"/>
    <property name="file.encoding" value="GB18030"/>
    <property name="java.vm.name" value="Java HotSpot(TM) 64-Bit Server VM"/>
    <property name="localRepository" value="D:\Rust\repository"/>
    <property name="java.vendor.url.bug" value="http://bugreport.sun.com/bugreport/"/>
    <property name="java.io.tmpdir" value="D:\Users\FUTANG~1\AppData\Local\Temp\"/>
    <property name="idea.version" value="2018.3"/>
    <property name="java.version" value="1.8.0_73"/>
    <property name="user.dir" value="D:\fth\dev\ideaprj\submitallwork"/>
    <property name="os.arch" value="amd64"/>
    <property name="java.vm.specification.name" value="Java Virtual Machine Specification"/>
    <property name="java.awt.printerjob" value="sun.awt.windows.WPrinterJob"/>
    <property name="sun.os.patch.level" value="Service Pack 1"/>
    <property name="java.library.path" value="C:\Program Files\Java\jdk1.8.0_73\jre\bin;C:\windows\Sun\Java\bin;C:\windows\system32;C:\windows;D:\fth\dev\python-3.6.6;C:\Program Files (x86)\ActiveState Komodo Edit 9\;C:\Program Files\Java\jdk1.8.0_73\bin;C:\Program Files\Java\jdk1.8.0_73\jre\bin;C:\ProgramData\Oracle\Java\javapath;C:\Oracle\product\11.2.0\client_1\bin;C:\Windows\system32;C:\Windows;C:\Windows\System32\Wbem;C:\Windows\System32\WindowsPowerShell\v1.0\;C:\Program Files (x86)\ATT\Graphviz\bin;C:\Program Files (x86)\ATT\Graphviz\bin\tools;C:\Program Files (x86)\Windows Imaging\;C:\Program Files\TortoiseSVN\bin;C:\Program Files (x86)\SSH Communications Security\SSH Secure Shell;C:\ANT_HOME\Apache-Ant-1.7.0\bin;C:\Program Files (x86)\Enterprise Vault\EVClient\;D:\fth\dev\apache-maven-3.2.5\bin;D:\fth\dev\gradle\gradle-4.5.1\bin;D:\fth\dev\apache-tomcat-6.0.26\lib;D:\fth\dev\apache-tomcat-6.0.26\bin;D:\fth\dev\hadoop-2.7.6\bin;D:\fth\dev\hadoop-2.7.6\sbin;C:\wr;."/>
    <property name="java.vm.info" value="mixed mode"/>
    <property name="java.vendor" value="Oracle Corporation"/>
    <property name="java.vm.version" value="25.73-b02"/>
    <property name="java.ext.dirs" value="C:\Program Files\Java\jdk1.8.0_73\jre\lib\ext;C:\windows\Sun\Java\lib\ext"/>
    <property name="sun.io.unicode.encoding" value="UnicodeLittle"/>
    <property name="maven.repo.local" value="D:\Rust\repository"/>
    <property name="java.class.version" value="52.0"/>
  </properties>
  <testcase name="shouldAnswerWithTrue" classname="com.rust.submit.AppTest" time="0"/>
  <testcase name="testDuration" classname="com.rust.submit.AppTest" time="0.016"/>
  <testcase name="testTime" classname="com.rust.submit.AppTest" time="0"/>
</testsuite>